<html>
<head>
<title>TestNG:  BavarianInnRegression</title>
<link href="../testng.css" rel="stylesheet" type="text/css" />
<link href="../my-testng.css" rel="stylesheet" type="text/css" />

<style type="text/css">
.log { display: none;} 
.stack-trace { display: none;} 
</style>
<script type="text/javascript">
<!--
function flip(e) {
  current = e.style.display;
  if (current == 'block') {
    e.style.display = 'none';
    return 0;
  }
  else {
    e.style.display = 'block';
    return 1;
  }
}

function toggleBox(szDivId, elem, msg1, msg2)
{
  var res = -1;  if (document.getElementById) {
    res = flip(document.getElementById(szDivId));
  }
  else if (document.all) {
    // this is the way old msie versions work
    res = flip(document.all[szDivId]);
  }
  if(elem) {
    if(res == 0) elem.innerHTML = msg1; else elem.innerHTML = msg2;
  }

}

function toggleAllBoxes() {
  if (document.getElementsByTagName) {
    d = document.getElementsByTagName('div');
    for (i = 0; i < d.length; i++) {
      if (d[i].className == 'log') {
        flip(d[i]);
      }
    }
  }
}

// -->
</script>

</head>
<body>
<h2 align='center'>BavarianInnRegression</h2><table border='1' align="center">
<tr>
<td>Tests passed/Failed/Skipped:</td><td>35/0/1</td>
</tr><tr>
<td>Started on:</td><td>Tue Aug 06 22:00:38 BST 2019</td>
</tr>
<tr><td>Total time:</td><td>1051 seconds (1051612 ms)</td>
</tr><tr>
<td>Included groups:</td><td></td>
</tr><tr>
<td>Excluded groups:</td><td></td>
</tr>
</table><p/>
<small><i>(Hover the method name to see the test class name)</i></small><p/>
<table width='100%' border='1' class='invocation-failed'>
<tr><td colspan='4' align='center'><b>FAILED CONFIGURATIONS</b></td></tr>
<tr><td><b>Test method</b></td>
<td width="30%"><b>Exception</b></td>
<td width="10%"><b>Time (seconds)</b></td>
<td><b>Instance</b></td>
</tr>
<tr>
<td title='com.crm.qa.testcases.RegistrationPerksPaymentTest.setUp()'><b>setUp</b><br>Test class: com.crm.qa.testcases.RegistrationPerksPaymentTest</td>
<td><div><pre>org.openqa.selenium.NoSuchElementException: Cannot locate element with text: Yukon
For documentation on this error, please visit: https://www.seleniumhq.org/exceptions/no_such_element.html
Build info: version: &apos;3.141.59&apos;, revision: &apos;e82be7d358&apos;, time: &apos;2018-11-14T08:17:03&apos;
System info: host: &apos;DESKTOP-G1T6KU3&apos;, ip: &apos;192.168.1.18&apos;, os.name: &apos;Windows 10&apos;, os.arch: &apos;amd64&apos;, os.version: &apos;10.0&apos;, java.version: &apos;1.8.0_212&apos;
Driver info: driver.version: unknown
	at org.openqa.selenium.support.ui.Select.selectByVisibleText(Select.java:147)
	at com.crm.qa.pages.RegisterPage.selectState(RegisterPage.java:104)
	at com.crm.qa.pages.RegisterPage.registerNewUserTest(RegisterPage.java:126)
	at com.crm.qa.testcases.RegistrationPerksPaymentTest.setUp(RegistrationPerksPaymentTest.java:34)
... Removed 27 stack frames</pre></div><a href='#' onClick='toggleBox("stack-trace740982099", this, "Click to show all stack frames", "Click to hide stack frames")'>Click to show all stack frames</a>
<div class='stack-trace' id='stack-trace740982099'><pre>org.openqa.selenium.NoSuchElementException: Cannot locate element with text: Yukon
For documentation on this error, please visit: https://www.seleniumhq.org/exceptions/no_such_element.html
Build info: version: &apos;3.141.59&apos;, revision: &apos;e82be7d358&apos;, time: &apos;2018-11-14T08:17:03&apos;
System info: host: &apos;DESKTOP-G1T6KU3&apos;, ip: &apos;192.168.1.18&apos;, os.name: &apos;Windows 10&apos;, os.arch: &apos;amd64&apos;, os.version: &apos;10.0&apos;, java.version: &apos;1.8.0_212&apos;
Driver info: driver.version: unknown
	at org.openqa.selenium.support.ui.Select.selectByVisibleText(Select.java:147)
	at com.crm.qa.pages.RegisterPage.selectState(RegisterPage.java:104)
	at com.crm.qa.pages.RegisterPage.registerNewUserTest(RegisterPage.java:126)
	at com.crm.qa.testcases.RegistrationPerksPaymentTest.setUp(RegistrationPerksPaymentTest.java:34)
	at sun.reflect.NativeMethodAccessorImpl.invoke0(Native Method)
	at sun.reflect.NativeMethodAccessorImpl.invoke(Unknown Source)
	at sun.reflect.DelegatingMethodAccessorImpl.invoke(Unknown Source)
	at java.lang.reflect.Method.invoke(Unknown Source)
	at org.testng.internal.MethodInvocationHelper.invokeMethod(MethodInvocationHelper.java:104)
	at org.testng.internal.Invoker.invokeConfigurationMethod(Invoker.java:515)
	at org.testng.internal.Invoker.invokeConfigurations(Invoker.java:217)
	at org.testng.internal.Invoker.invokeMethod(Invoker.java:590)
	at org.testng.internal.Invoker.invokeTestMethod(Invoker.java:851)
	at org.testng.internal.Invoker.invokeTestMethods(Invoker.java:1177)
	at org.testng.internal.TestMethodWorker.invokeTestMethods(TestMethodWorker.java:129)
	at org.testng.internal.TestMethodWorker.run(TestMethodWorker.java:112)
	at org.testng.TestRunner.privateRun(TestRunner.java:756)
	at org.testng.TestRunner.run(TestRunner.java:610)
	at org.testng.SuiteRunner.runTest(SuiteRunner.java:387)
	at org.testng.SuiteRunner.runSequentially(SuiteRunner.java:382)
	at org.testng.SuiteRunner.privateRun(SuiteRunner.java:340)
	at org.testng.SuiteRunner.run(SuiteRunner.java:289)
	at org.testng.SuiteRunnerWorker.runSuite(SuiteRunnerWorker.java:52)
	at org.testng.SuiteRunnerWorker.run(SuiteRunnerWorker.java:86)
	at org.testng.TestNG.runSuitesSequentially(TestNG.java:1293)
	at org.testng.TestNG.runSuitesLocally(TestNG.java:1218)
	at org.testng.TestNG.runSuites(TestNG.java:1133)
	at org.testng.TestNG.run(TestNG.java:1104)
	at org.testng.remote.AbstractRemoteTestNG.run(AbstractRemoteTestNG.java:115)
	at org.testng.remote.RemoteTestNG.initAndRun(RemoteTestNG.java:251)
	at org.testng.remote.RemoteTestNG.main(RemoteTestNG.java:77)
</pre></div></td>
<td>0</td>
<td>com.crm.qa.testcases.RegistrationPerksPaymentTest@7e0e6aa2</td></tr>
</table><p>
<table width='100%' border='1' class='invocation-skipped'>
<tr><td colspan='4' align='center'><b>SKIPPED CONFIGURATIONS</b></td></tr>
<tr><td><b>Test method</b></td>
<td width="30%"><b>Exception</b></td>
<td width="10%"><b>Time (seconds)</b></td>
<td><b>Instance</b></td>
</tr>
<tr>
<td title='com.crm.qa.testcases.RegistrationPerksPaymentTest.tearDown()'><b>tearDown</b><br>Test class: com.crm.qa.testcases.RegistrationPerksPaymentTest</td>
<td></td>
<td>0</td>
<td>com.crm.qa.testcases.RegistrationPerksPaymentTest@7e0e6aa2</td></tr>
</table><p>
<table width='100%' border='1' class='invocation-passed'>
<tr><td colspan='4' align='center'><b>PASSED TESTS</b></td></tr>
<tr><td><b>Test method</b></td>
<td width="30%"><b>Exception</b></td>
<td width="10%"><b>Time (seconds)</b></td>
<td><b>Instance</b></td>
</tr>
<tr>
<td title='com.crm.qa.testcases.UploadRecieptPageTest.assertContactUs()'><b>assertContactUs</b><br>Test class: com.crm.qa.testcases.UploadRecieptPageTest</td>
<td></td>
<td>0</td>
<td>com.crm.qa.testcases.UploadRecieptPageTest@18bf3d14</td></tr>
<tr>
<td title='com.crm.qa.testcases.SocialPageTest.assertContactUs()'><b>assertContactUs</b><br>Test class: com.crm.qa.testcases.SocialPageTest</td>
<td></td>
<td>0</td>
<td>com.crm.qa.testcases.SocialPageTest@365185bd</td></tr>
<tr>
<td title='com.crm.qa.testcases.UploadRecieptPageTest.assertFAQ()'><b>assertFAQ</b><br>Test class: com.crm.qa.testcases.UploadRecieptPageTest</td>
<td></td>
<td>0</td>
<td>com.crm.qa.testcases.UploadRecieptPageTest@18bf3d14</td></tr>
<tr>
<td title='com.crm.qa.testcases.SocialPageTest.assertFAQ()'><b>assertFAQ</b><br>Test class: com.crm.qa.testcases.SocialPageTest</td>
<td></td>
<td>0</td>
<td>com.crm.qa.testcases.SocialPageTest@365185bd</td></tr>
<tr>
<td title='com.crm.qa.testcases.UploadRecieptPageTest.assertPrivacyPolicy()'><b>assertPrivacyPolicy</b><br>Test class: com.crm.qa.testcases.UploadRecieptPageTest</td>
<td></td>
<td>0</td>
<td>com.crm.qa.testcases.UploadRecieptPageTest@18bf3d14</td></tr>
<tr>
<td title='com.crm.qa.testcases.SocialPageTest.assertPrivacyPolicy()'><b>assertPrivacyPolicy</b><br>Test class: com.crm.qa.testcases.SocialPageTest</td>
<td></td>
<td>0</td>
<td>com.crm.qa.testcases.SocialPageTest@365185bd</td></tr>
<tr>
<td title='com.crm.qa.testcases.MyProfilePageTest.assertTermsAndCond()'><b>assertTermsAndCond</b><br>Test class: com.crm.qa.testcases.MyProfilePageTest</td>
<td></td>
<td>0</td>
<td>com.crm.qa.testcases.MyProfilePageTest@2de8284b</td></tr>
<tr>
<td title='com.crm.qa.testcases.MyTransactionsPageTest.assertTermsAndCond()'><b>assertTermsAndCond</b><br>Test class: com.crm.qa.testcases.MyTransactionsPageTest</td>
<td></td>
<td>0</td>
<td>com.crm.qa.testcases.MyTransactionsPageTest@396e2f39</td></tr>
<tr>
<td title='com.crm.qa.testcases.UploadRecieptPageTest.assertTermsAndCond()'><b>assertTermsAndCond</b><br>Test class: com.crm.qa.testcases.UploadRecieptPageTest</td>
<td></td>
<td>0</td>
<td>com.crm.qa.testcases.UploadRecieptPageTest@18bf3d14</td></tr>
<tr>
<td title='com.crm.qa.testcases.SocialPageTest.assertTermsAndCond()'><b>assertTermsAndCond</b><br>Test class: com.crm.qa.testcases.SocialPageTest</td>
<td></td>
<td>0</td>
<td>com.crm.qa.testcases.SocialPageTest@365185bd</td></tr>
<tr>
<td title='com.crm.qa.testcases.UploadRecieptPageTest.brandImageDisplayed()'><b>brandImageDisplayed</b><br>Test class: com.crm.qa.testcases.UploadRecieptPageTest</td>
<td></td>
<td>0</td>
<td>com.crm.qa.testcases.UploadRecieptPageTest@18bf3d14</td></tr>
<tr>
<td title='com.crm.qa.testcases.SocialPageTest.enterFriendsEmail()'><b>enterFriendsEmail</b><br>Test class: com.crm.qa.testcases.SocialPageTest</td>
<td></td>
<td>1</td>
<td>com.crm.qa.testcases.SocialPageTest@365185bd</td></tr>
<tr>
<td title='com.crm.qa.testcases.MyProfilePageTest.footerContactUs()'><b>footerContactUs</b><br>Test class: com.crm.qa.testcases.MyProfilePageTest</td>
<td></td>
<td>0</td>
<td>com.crm.qa.testcases.MyProfilePageTest@2de8284b</td></tr>
<tr>
<td title='com.crm.qa.testcases.MyTransactionsPageTest.footerContactUs()'><b>footerContactUs</b><br>Test class: com.crm.qa.testcases.MyTransactionsPageTest</td>
<td></td>
<td>0</td>
<td>com.crm.qa.testcases.MyTransactionsPageTest@396e2f39</td></tr>
<tr>
<td title='com.crm.qa.testcases.MyProfilePageTest.footerFAQ()'><b>footerFAQ</b><br>Test class: com.crm.qa.testcases.MyProfilePageTest</td>
<td></td>
<td>0</td>
<td>com.crm.qa.testcases.MyProfilePageTest@2de8284b</td></tr>
<tr>
<td title='com.crm.qa.testcases.MyTransactionsPageTest.footerFAQ()'><b>footerFAQ</b><br>Test class: com.crm.qa.testcases.MyTransactionsPageTest</td>
<td></td>
<td>0</td>
<td>com.crm.qa.testcases.MyTransactionsPageTest@396e2f39</td></tr>
<tr>
<td title='com.crm.qa.testcases.MyTransactionsPageTest.footerPrivacyPolicy()'><b>footerPrivacyPolicy</b><br>Test class: com.crm.qa.testcases.MyTransactionsPageTest</td>
<td></td>
<td>0</td>
<td>com.crm.qa.testcases.MyTransactionsPageTest@396e2f39</td></tr>
<tr>
<td title='com.crm.qa.testcases.UploadRecieptPageTest.imageIsDisplayed()'><b>imageIsDisplayed</b><br>Test class: com.crm.qa.testcases.UploadRecieptPageTest</td>
<td></td>
<td>0</td>
<td>com.crm.qa.testcases.UploadRecieptPageTest@18bf3d14</td></tr>
<tr>
<td title='com.crm.qa.testcases.MyTransactionsPageTest.isBrandImageDisplayed()'><b>isBrandImageDisplayed</b><br>Test class: com.crm.qa.testcases.MyTransactionsPageTest</td>
<td></td>
<td>0</td>
<td>com.crm.qa.testcases.MyTransactionsPageTest@396e2f39</td></tr>
<tr>
<td title='com.crm.qa.testcases.MyTransactionsPageTest.isBrandLogoDisplayed()'><b>isBrandLogoDisplayed</b><br>Test class: com.crm.qa.testcases.MyTransactionsPageTest</td>
<td></td>
<td>0</td>
<td>com.crm.qa.testcases.MyTransactionsPageTest@396e2f39</td></tr>
<tr>
<td title='com.crm.qa.testcases.RegisterPageCanadianTest.registerNewUserTest()'><b>registerNewUserTest</b><br>Test class: com.crm.qa.testcases.RegisterPageCanadianTest</td>
<td></td>
<td>0</td>
<td>com.crm.qa.testcases.RegisterPageCanadianTest@12c8a2c0</td></tr>
<tr>
<td title='com.crm.qa.testcases.UploadRecieptPageTest.uploadRecieptImageTest()'><b>uploadRecieptImageTest</b><br>Test class: com.crm.qa.testcases.UploadRecieptPageTest</td>
<td></td>
<td>11</td>
<td>com.crm.qa.testcases.UploadRecieptPageTest@18bf3d14</td></tr>
<tr>
<td title='com.crm.qa.testcases.SocialPageTest.verifyBrandImageDisplayed()'><b>verifyBrandImageDisplayed</b><br>Test class: com.crm.qa.testcases.SocialPageTest</td>
<td></td>
<td>0</td>
<td>com.crm.qa.testcases.SocialPageTest@365185bd</td></tr>
<tr>
<td title='com.crm.qa.testcases.MyProfilePageTest.verifyDetailsPageTitleTest()'><b>verifyDetailsPageTitleTest</b><br>Test class: com.crm.qa.testcases.MyProfilePageTest</td>
<td></td>
<td>0</td>
<td>com.crm.qa.testcases.MyProfilePageTest@2de8284b</td></tr>
<tr>
<td title='com.crm.qa.testcases.SocialPageTest.verifyDetailsPageTitleTest()'><b>verifyDetailsPageTitleTest</b><br>Test class: com.crm.qa.testcases.SocialPageTest</td>
<td></td>
<td>0</td>
<td>com.crm.qa.testcases.SocialPageTest@365185bd</td></tr>
<tr>
<td title='com.crm.qa.testcases.MyTransactionsPageTest.verifyDetailsPageTitleTest()'><b>verifyDetailsPageTitleTest</b><br>Test class: com.crm.qa.testcases.MyTransactionsPageTest</td>
<td></td>
<td>0</td>
<td>com.crm.qa.testcases.MyTransactionsPageTest@396e2f39</td></tr>
<tr>
<td title='com.crm.qa.testcases.OffersPageTest.verifyDetailsPageTitleTest()'><b>verifyDetailsPageTitleTest</b><br>Test class: com.crm.qa.testcases.OffersPageTest</td>
<td></td>
<td>0</td>
<td>com.crm.qa.testcases.OffersPageTest@a74868d</td></tr>
<tr>
<td title='com.crm.qa.testcases.UploadRecieptPageTest.verifyDetailsPageTitleTest()'><b>verifyDetailsPageTitleTest</b><br>Test class: com.crm.qa.testcases.UploadRecieptPageTest</td>
<td></td>
<td>0</td>
<td>com.crm.qa.testcases.UploadRecieptPageTest@18bf3d14</td></tr>
<tr>
<td title='com.crm.qa.testcases.SocialPageTest.verifyImageIsDisplayed()'><b>verifyImageIsDisplayed</b><br>Test class: com.crm.qa.testcases.SocialPageTest</td>
<td></td>
<td>0</td>
<td>com.crm.qa.testcases.SocialPageTest@365185bd</td></tr>
<tr>
<td title='com.crm.qa.testcases.OffersPageTest.verifyLogoDisplayed()'><b>verifyLogoDisplayed</b><br>Test class: com.crm.qa.testcases.OffersPageTest</td>
<td></td>
<td>0</td>
<td>com.crm.qa.testcases.OffersPageTest@a74868d</td></tr>
<tr>
<td title='com.crm.qa.testcases.OffersPageTest.verifyMembersOffersLogoDisplayed()'><b>verifyMembersOffersLogoDisplayed</b><br>Test class: com.crm.qa.testcases.OffersPageTest</td>
<td></td>
<td>0</td>
<td>com.crm.qa.testcases.OffersPageTest@a74868d</td></tr>
<tr>
<td title='com.crm.qa.testcases.OffersPageTest.verifySocialMediaFooter()'><b>verifySocialMediaFooter</b><br>Test class: com.crm.qa.testcases.OffersPageTest</td>
<td></td>
<td>0</td>
<td>com.crm.qa.testcases.OffersPageTest@a74868d</td></tr>
<tr>
<td title='com.crm.qa.testcases.SocialPageTest.verifyTextDisplayed()'><b>verifyTextDisplayed</b><br>Test class: com.crm.qa.testcases.SocialPageTest</td>
<td></td>
<td>0</td>
<td>com.crm.qa.testcases.SocialPageTest@365185bd</td></tr>
<tr>
<td title='com.crm.qa.testcases.OffersPageTest.verifyTextDisplayed()'><b>verifyTextDisplayed</b><br>Test class: com.crm.qa.testcases.OffersPageTest</td>
<td></td>
<td>0</td>
<td>com.crm.qa.testcases.OffersPageTest@a74868d</td></tr>
<tr>
<td title='com.crm.qa.testcases.SocialPageTest.verifytwitterIsDisplayed()'><b>verifytwitterIsDisplayed</b><br>Test class: com.crm.qa.testcases.SocialPageTest</td>
<td></td>
<td>0</td>
<td>com.crm.qa.testcases.SocialPageTest@365185bd</td></tr>
</table><p>
<table width='100%' border='1' class='invocation-skipped'>
<tr><td colspan='4' align='center'><b>SKIPPED TESTS</b></td></tr>
<tr><td><b>Test method</b></td>
<td width="30%"><b>Exception</b></td>
<td width="10%"><b>Time (seconds)</b></td>
<td><b>Instance</b></td>
</tr>
<tr>
<td title='com.crm.qa.testcases.RegistrationPerksPaymentTest.RegistrationPerksPaymentPage()'><b>RegistrationPerksPaymentPage</b><br>Test class: com.crm.qa.testcases.RegistrationPerksPaymentTest</td>
<td><div><pre>org.openqa.selenium.NoSuchElementException: Cannot locate element with text: Yukon
For documentation on this error, please visit: https://www.seleniumhq.org/exceptions/no_such_element.html
Build info: version: &apos;3.141.59&apos;, revision: &apos;e82be7d358&apos;, time: &apos;2018-11-14T08:17:03&apos;
System info: host: &apos;DESKTOP-G1T6KU3&apos;, ip: &apos;192.168.1.18&apos;, os.name: &apos;Windows 10&apos;, os.arch: &apos;amd64&apos;, os.version: &apos;10.0&apos;, java.version: &apos;1.8.0_212&apos;
Driver info: driver.version: unknown
	at org.openqa.selenium.support.ui.Select.selectByVisibleText(Select.java:147)
	at com.crm.qa.pages.RegisterPage.selectState(RegisterPage.java:104)
	at com.crm.qa.pages.RegisterPage.registerNewUserTest(RegisterPage.java:126)
	at com.crm.qa.testcases.RegistrationPerksPaymentTest.setUp(RegistrationPerksPaymentTest.java:34)
... Removed 27 stack frames</pre></div><a href='#' onClick='toggleBox("stack-trace501766514", this, "Click to show all stack frames", "Click to hide stack frames")'>Click to show all stack frames</a>
<div class='stack-trace' id='stack-trace501766514'><pre>org.openqa.selenium.NoSuchElementException: Cannot locate element with text: Yukon
For documentation on this error, please visit: https://www.seleniumhq.org/exceptions/no_such_element.html
Build info: version: &apos;3.141.59&apos;, revision: &apos;e82be7d358&apos;, time: &apos;2018-11-14T08:17:03&apos;
System info: host: &apos;DESKTOP-G1T6KU3&apos;, ip: &apos;192.168.1.18&apos;, os.name: &apos;Windows 10&apos;, os.arch: &apos;amd64&apos;, os.version: &apos;10.0&apos;, java.version: &apos;1.8.0_212&apos;
Driver info: driver.version: unknown
	at org.openqa.selenium.support.ui.Select.selectByVisibleText(Select.java:147)
	at com.crm.qa.pages.RegisterPage.selectState(RegisterPage.java:104)
	at com.crm.qa.pages.RegisterPage.registerNewUserTest(RegisterPage.java:126)
	at com.crm.qa.testcases.RegistrationPerksPaymentTest.setUp(RegistrationPerksPaymentTest.java:34)
	at sun.reflect.NativeMethodAccessorImpl.invoke0(Native Method)
	at sun.reflect.NativeMethodAccessorImpl.invoke(Unknown Source)
	at sun.reflect.DelegatingMethodAccessorImpl.invoke(Unknown Source)
	at java.lang.reflect.Method.invoke(Unknown Source)
	at org.testng.internal.MethodInvocationHelper.invokeMethod(MethodInvocationHelper.java:104)
	at org.testng.internal.Invoker.invokeConfigurationMethod(Invoker.java:515)
	at org.testng.internal.Invoker.invokeConfigurations(Invoker.java:217)
	at org.testng.internal.Invoker.invokeMethod(Invoker.java:590)
	at org.testng.internal.Invoker.invokeTestMethod(Invoker.java:851)
	at org.testng.internal.Invoker.invokeTestMethods(Invoker.java:1177)
	at org.testng.internal.TestMethodWorker.invokeTestMethods(TestMethodWorker.java:129)
	at org.testng.internal.TestMethodWorker.run(TestMethodWorker.java:112)
	at org.testng.TestRunner.privateRun(TestRunner.java:756)
	at org.testng.TestRunner.run(TestRunner.java:610)
	at org.testng.SuiteRunner.runTest(SuiteRunner.java:387)
	at org.testng.SuiteRunner.runSequentially(SuiteRunner.java:382)
	at org.testng.SuiteRunner.privateRun(SuiteRunner.java:340)
	at org.testng.SuiteRunner.run(SuiteRunner.java:289)
	at org.testng.SuiteRunnerWorker.runSuite(SuiteRunnerWorker.java:52)
	at org.testng.SuiteRunnerWorker.run(SuiteRunnerWorker.java:86)
	at org.testng.TestNG.runSuitesSequentially(TestNG.java:1293)
	at org.testng.TestNG.runSuitesLocally(TestNG.java:1218)
	at org.testng.TestNG.runSuites(TestNG.java:1133)
	at org.testng.TestNG.run(TestNG.java:1104)
	at org.testng.remote.AbstractRemoteTestNG.run(AbstractRemoteTestNG.java:115)
	at org.testng.remote.RemoteTestNG.initAndRun(RemoteTestNG.java:251)
	at org.testng.remote.RemoteTestNG.main(RemoteTestNG.java:77)
</pre></div></td>
<td>0</td>
<td>com.crm.qa.testcases.RegistrationPerksPaymentTest@7e0e6aa2</td></tr>
</table><p>
</body>
</html>