<?xml version="1.0" encoding="UTF-8"?>
<!-- Generated by org.testng.reporters.JUnitXMLReporter -->
<testsuite hostname="DESKTOP-G1T6KU3" ignored="0" name="BavarianInnRegression" tests="36" failures="0" timestamp="06 Aug 2019 21:18:10 GMT" time="1051.612" errors="0">
  <testcase name="@BeforeMethod setUp" time="0.0" classname="com.crm.qa.testcases.RegistrationPerksPaymentTest">
    <failure type="org.openqa.selenium.NoSuchElementException" message="Cannot locate element with text: Yukon
For documentation on this error, please visit: https://www.seleniumhq.org/exceptions/no_such_element.html
Build info: version: &amp;apos;3.141.59&amp;apos;, revision: &amp;apos;e82be7d358&amp;apos;, time: &amp;apos;2018-11-14T08:17:03&amp;apos;
System info: host: &amp;apos;DESKTOP-G1T6KU3&amp;apos;, ip: &amp;apos;192.168.1.18&amp;apos;, os.name: &amp;apos;Windows 10&amp;apos;, os.arch: &amp;apos;amd64&amp;apos;, os.version: &amp;apos;10.0&amp;apos;, java.version: &amp;apos;1.8.0_212&amp;apos;
Driver info: driver.version: unknown">
      <![CDATA[org.openqa.selenium.NoSuchElementException: Cannot locate element with text: Yukon
For documentation on this error, please visit: https://www.seleniumhq.org/exceptions/no_such_element.html
Build info: version: '3.141.59', revision: 'e82be7d358', time: '2018-11-14T08:17:03'
System info: host: 'DESKTOP-G1T6KU3', ip: '192.168.1.18', os.name: 'Windows 10', os.arch: 'amd64', os.version: '10.0', java.version: '1.8.0_212'
Driver info: driver.version: unknown
	at org.openqa.selenium.support.ui.Select.selectByVisibleText(Select.java:147)
	at com.crm.qa.pages.RegisterPage.selectState(RegisterPage.java:104)
	at com.crm.qa.pages.RegisterPage.registerNewUserTest(RegisterPage.java:126)
	at com.crm.qa.testcases.RegistrationPerksPaymentTest.setUp(RegistrationPerksPaymentTest.java:34)
... Removed 27 stack frames]]>
    </failure>
  </testcase> <!-- @BeforeMethod setUp -->
  <testcase name="@AfterMethod tearDown" time="0.0" classname="com.crm.qa.testcases.RegistrationPerksPaymentTest">
    <skipped/>
  </testcase> <!-- @AfterMethod tearDown -->
  <testcase name="verifyDetailsPageTitleTest" time="0.038" classname="com.crm.qa.testcases.MyProfilePageTest"/>
  <testcase name="verifyDetailsPageTitleTest" time="0.017" classname="com.crm.qa.testcases.SocialPageTest"/>
  <testcase name="verifyDetailsPageTitleTest" time="0.009" classname="com.crm.qa.testcases.MyTransactionsPageTest"/>
  <testcase name="verifyDetailsPageTitleTest" time="0.006" classname="com.crm.qa.testcases.OffersPageTest"/>
  <testcase name="registerNewUserTest" time="0.392" classname="com.crm.qa.testcases.RegisterPageCanadianTest"/>
  <testcase name="verifyDetailsPageTitleTest" time="0.008" classname="com.crm.qa.testcases.UploadRecieptPageTest"/>
  <testcase name="RegistrationPerksPaymentPage" time="0.006" classname="com.crm.qa.testcases.RegistrationPerksPaymentTest">
    <skipped/>
  </testcase> <!-- RegistrationPerksPaymentPage -->
  <testcase name="verifyBrandImageDisplayed" time="0.066" classname="com.crm.qa.testcases.SocialPageTest"/>
  <testcase name="isBrandLogoDisplayed" time="0.037" classname="com.crm.qa.testcases.MyTransactionsPageTest"/>
  <testcase name="verifyLogoDisplayed" time="0.047" classname="com.crm.qa.testcases.OffersPageTest"/>
  <testcase name="brandImageDisplayed" time="0.037" classname="com.crm.qa.testcases.UploadRecieptPageTest"/>
  <testcase name="verifyImageIsDisplayed" time="0.047" classname="com.crm.qa.testcases.SocialPageTest"/>
  <testcase name="isBrandImageDisplayed" time="0.032" classname="com.crm.qa.testcases.MyTransactionsPageTest"/>
  <testcase name="verifyMembersOffersLogoDisplayed" time="0.037" classname="com.crm.qa.testcases.OffersPageTest"/>
  <testcase name="assertContactUs" time="0.058" classname="com.crm.qa.testcases.UploadRecieptPageTest"/>
  <testcase name="verifyTextDisplayed" time="0.054" classname="com.crm.qa.testcases.SocialPageTest"/>
  <testcase name="verifyTextDisplayed" time="0.032" classname="com.crm.qa.testcases.OffersPageTest"/>
  <testcase name="assertFAQ" time="0.058" classname="com.crm.qa.testcases.UploadRecieptPageTest"/>
  <testcase name="assertTermsAndCond" time="0.046" classname="com.crm.qa.testcases.MyProfilePageTest"/>
  <testcase name="verifytwitterIsDisplayed" time="0.034" classname="com.crm.qa.testcases.SocialPageTest"/>
  <testcase name="assertTermsAndCond" time="0.066" classname="com.crm.qa.testcases.MyTransactionsPageTest"/>
  <testcase name="verifySocialMediaFooter" time="0.042" classname="com.crm.qa.testcases.OffersPageTest"/>
  <testcase name="assertPrivacyPolicy" time="0.054" classname="com.crm.qa.testcases.UploadRecieptPageTest"/>
  <testcase name="enterFriendsEmail" time="1.267" classname="com.crm.qa.testcases.SocialPageTest"/>
  <testcase name="footerPrivacyPolicy" time="0.069" classname="com.crm.qa.testcases.MyTransactionsPageTest"/>
  <testcase name="assertTermsAndCond" time="0.054" classname="com.crm.qa.testcases.UploadRecieptPageTest"/>
  <testcase name="footerFAQ" time="0.099" classname="com.crm.qa.testcases.MyProfilePageTest"/>
  <testcase name="assertTermsAndCond" time="0.071" classname="com.crm.qa.testcases.SocialPageTest"/>
  <testcase name="footerFAQ" time="0.05" classname="com.crm.qa.testcases.MyTransactionsPageTest"/>
  <testcase name="imageIsDisplayed" time="0.036" classname="com.crm.qa.testcases.UploadRecieptPageTest"/>
  <testcase name="footerContactUs" time="0.107" classname="com.crm.qa.testcases.MyProfilePageTest"/>
  <testcase name="assertPrivacyPolicy" time="0.064" classname="com.crm.qa.testcases.SocialPageTest"/>
  <testcase name="footerContactUs" time="0.044" classname="com.crm.qa.testcases.MyTransactionsPageTest"/>
  <testcase name="uploadRecieptImageTest" time="11.665" classname="com.crm.qa.testcases.UploadRecieptPageTest"/>
  <testcase name="assertFAQ" time="0.059" classname="com.crm.qa.testcases.SocialPageTest"/>
  <testcase name="assertContactUs" time="0.071" classname="com.crm.qa.testcases.SocialPageTest"/>
</testsuite> <!-- BavarianInnRegression -->
