<?xml version="1.0" encoding="UTF-8"?>
<!-- Generated by org.testng.reporters.JUnitXMLReporter -->
<testsuite hostname="DESKTOP-G1T6KU3" ignored="0" name="BavarianInnRegression" tests="80" failures="3" timestamp="07 Aug 2019 09:30:54 GMT" time="12578.97" errors="0">
  <testcase name="loginPageTitleTest" time="0.014" classname="com.crm.qa.testcases.LoginPageTest"/>
  <testcase name="verifyDetailsPageTitleTest" time="0.009" classname="com.crm.qa.testcases.CheckBalancePageTest"/>
  <testcase name="checkLinksHowItWorks" time="9.639" classname="com.crm.qa.testcases.CheckLinksAllPagesHomeTest"/>
  <testcase name="checkLinksDetailsHome" time="8.637" classname="com.crm.qa.testcases.CheckLinksAllPagesTest"/>
  <testcase name="verifyHomeLoginPageTitleTest" time="0.012" classname="com.crm.qa.testcases.DetailsPageTest"/>
  <testcase name="verifyDetailsPageTitleTest" time="0.011" classname="com.crm.qa.testcases.HowItWorksHomeTest"/>
  <testcase name="verifyDetailsPageTitleTest" time="0.007" classname="com.crm.qa.testcases.LocationsPageTest"/>
  <testcase name="verifyDetailsPageTitleTest" time="0.008" classname="com.crm.qa.testcases.MyTransactionsPageTest"/>
  <testcase name="registerNewUserTest" time="0.005" classname="com.crm.qa.testcases.RegistrationPerksPaymentTest"/>
  <testcase name="verifyDetailsPageTitleTest" time="0.006" classname="com.crm.qa.testcases.OffersPageTest"/>
  <testcase name="registerNewUserTest" time="0.376" classname="com.crm.qa.testcases.RegisterPageCanadianTest"/>
  <testcase name="verifyDetailsPageTitleTest" time="0.014" classname="com.crm.qa.testcases.SocialPageTest"/>
  <testcase name="verifyDetailsPageTitleTest" time="0.006" classname="com.crm.qa.testcases.UploadRecieptPageTest"/>
  <testcase name="crmLogoImageTest" time="0.037" classname="com.crm.qa.testcases.LoginPageTest"/>
  <testcase name="verifyBrandImageDisplayed" time="0.066" classname="com.crm.qa.testcases.SocialPageTest"/>
  <testcase name="assertTermsAndCond" time="0.045" classname="com.crm.qa.testcases.CheckBalancePageTest"/>
  <testcase name="checkLinksRegister" time="4.626" classname="com.crm.qa.testcases.CheckLinksAllPagesHomeTest"/>
  <testcase name="checkLinksuploadReciept" time="6.35" classname="com.crm.qa.testcases.CheckLinksAllPagesTest"/>
  <testcase name="verifyWelcomeName" time="0.071" classname="com.crm.qa.testcases.DetailsPageTest"/>
  <testcase name="textLoyaltyCard" time="0.033" classname="com.crm.qa.testcases.HowItWorksHomeTest"/>
  <testcase name="textBavInnLodgeDisplayed" time="0.039" classname="com.crm.qa.testcases.LocationsPageTest"/>
  <testcase name="isBrandLogoDisplayed" time="0.032" classname="com.crm.qa.testcases.MyTransactionsPageTest"/>
  <testcase name="RegistrationPerksPaymentPage" time="40.617" classname="com.crm.qa.testcases.RegistrationPerksPaymentTest">
    <failure type="org.openqa.selenium.NoSuchElementException" message="Cannot locate element with text: Yukon
For documentation on this error, please visit: https://www.seleniumhq.org/exceptions/no_such_element.html
Build info: version: &amp;apos;3.141.59&amp;apos;, revision: &amp;apos;e82be7d358&amp;apos;, time: &amp;apos;2018-11-14T08:17:03&amp;apos;
System info: host: &amp;apos;DESKTOP-G1T6KU3&amp;apos;, ip: &amp;apos;192.168.1.18&amp;apos;, os.name: &amp;apos;Windows 10&amp;apos;, os.arch: &amp;apos;amd64&amp;apos;, os.version: &amp;apos;10.0&amp;apos;, java.version: &amp;apos;1.8.0_212&amp;apos;
Driver info: driver.version: unknown">
      <![CDATA[org.openqa.selenium.NoSuchElementException: Cannot locate element with text: Yukon
For documentation on this error, please visit: https://www.seleniumhq.org/exceptions/no_such_element.html
Build info: version: '3.141.59', revision: 'e82be7d358', time: '2018-11-14T08:17:03'
System info: host: 'DESKTOP-G1T6KU3', ip: '192.168.1.18', os.name: 'Windows 10', os.arch: 'amd64', os.version: '10.0', java.version: '1.8.0_212'
Driver info: driver.version: unknown
	at org.openqa.selenium.support.ui.Select.selectByVisibleText(Select.java:147)
	at com.crm.qa.pages.RegisterPage.selectState(RegisterPage.java:104)
	at com.crm.qa.pages.RegisterPage.registerNewUserTest(RegisterPage.java:127)
	at com.crm.qa.testcases.RegistrationPerksPaymentTest.RegistrationPerksPaymentPage(RegistrationPerksPaymentTest.java:45)
... Removed 25 stack frames]]>
    </failure>
  </testcase> <!-- RegistrationPerksPaymentPage -->
  <testcase name="verifyLogoDisplayed" time="0.034" classname="com.crm.qa.testcases.OffersPageTest"/>
  <testcase name="brandImageDisplayed" time="0.044" classname="com.crm.qa.testcases.UploadRecieptPageTest"/>
  <testcase name="loginTest" time="0.375" classname="com.crm.qa.testcases.LoginPageTest"/>
  <testcase name="verifyMembersOffersLogoDisplayed" time="0.033" classname="com.crm.qa.testcases.OffersPageTest"/>
  <testcase name="verifyImageIsDisplayed" time="0.048" classname="com.crm.qa.testcases.SocialPageTest"/>
  <testcase name="footerPrivacyPolicy" time="0.049" classname="com.crm.qa.testcases.CheckBalancePageTest"/>
  <testcase name="checkLinksFAQ" time="6.015" classname="com.crm.qa.testcases.CheckLinksAllPagesHomeTest"/>
  <testcase name="checkLinksOffers" time="16.51" classname="com.crm.qa.testcases.CheckLinksAllPagesTest"/>
  <testcase name="referFriend" time="1.553" classname="com.crm.qa.testcases.DetailsPageTest">
    <failure type="org.openqa.selenium.ElementClickInterceptedException" message="element click intercepted: Element &amp;lt;input type=&amp;quot;submit&amp;quot; class=&amp;quot;btn btn-block btn-default&amp;quot; value=&amp;quot;Send Referral&amp;quot; ng-disabled=&amp;quot;referralData.Email == null || friendReferralForm.$invalid&amp;quot;&amp;gt; is not clickable at point (567, 420). Other element would receive the click: &amp;lt;div&amp;gt;...&amp;lt;/div&amp;gt;
  (Session info: chrome=76.0.3809.87)
Build info: version: &amp;apos;3.141.59&amp;apos;, revision: &amp;apos;e82be7d358&amp;apos;, time: &amp;apos;2018-11-14T08:17:03&amp;apos;
System info: host: &amp;apos;DESKTOP-G1T6KU3&amp;apos;, ip: &amp;apos;192.168.1.18&amp;apos;, os.name: &amp;apos;Windows 10&amp;apos;, os.arch: &amp;apos;amd64&amp;apos;, os.version: &amp;apos;10.0&amp;apos;, java.version: &amp;apos;1.8.0_212&amp;apos;
Driver info: org.openqa.selenium.chrome.ChromeDriver
Capabilities {acceptInsecureCerts: false, browserName: chrome, browserVersion: 76.0.3809.87, chrome: {chromedriverVersion: 75.0.3770.90 (a6dcaf7e3ec6f..., userDataDir: C:\Users\kiera\AppData\Loca...}, goog:chromeOptions: {debuggerAddress: localhost:49193}, javascriptEnabled: true, networkConnectionEnabled: false, pageLoadStrategy: normal, platform: XP, platformName: XP, proxy: Proxy(), setWindowRect: true, strictFileInteractability: false, timeouts: {implicit: 0, pageLoad: 300000, script: 30000}, unhandledPromptBehavior: dismiss and notify}
Session ID: 63dcd3e9d369953b5eb91b64bcacbde0">
      <![CDATA[org.openqa.selenium.ElementClickInterceptedException: element click intercepted: Element <input type="submit" class="btn btn-block btn-default" value="Send Referral" ng-disabled="referralData.Email == null || friendReferralForm.$invalid"> is not clickable at point (567, 420). Other element would receive the click: <div>...</div>
  (Session info: chrome=76.0.3809.87)
Build info: version: '3.141.59', revision: 'e82be7d358', time: '2018-11-14T08:17:03'
System info: host: 'DESKTOP-G1T6KU3', ip: '192.168.1.18', os.name: 'Windows 10', os.arch: 'amd64', os.version: '10.0', java.version: '1.8.0_212'
Driver info: org.openqa.selenium.chrome.ChromeDriver
Capabilities {acceptInsecureCerts: false, browserName: chrome, browserVersion: 76.0.3809.87, chrome: {chromedriverVersion: 75.0.3770.90 (a6dcaf7e3ec6f..., userDataDir: C:\Users\kiera\AppData\Loca...}, goog:chromeOptions: {debuggerAddress: localhost:49193}, javascriptEnabled: true, networkConnectionEnabled: false, pageLoadStrategy: normal, platform: XP, platformName: XP, proxy: Proxy(), setWindowRect: true, strictFileInteractability: false, timeouts: {implicit: 0, pageLoad: 300000, script: 30000}, unhandledPromptBehavior: dismiss and notify}
Session ID: 63dcd3e9d369953b5eb91b64bcacbde0
	at org.openqa.selenium.remote.http.W3CHttpResponseCodec.createException(W3CHttpResponseCodec.java:187)
	at org.openqa.selenium.remote.http.W3CHttpResponseCodec.decode(W3CHttpResponseCodec.java:122)
	at org.openqa.selenium.remote.http.W3CHttpResponseCodec.decode(W3CHttpResponseCodec.java:49)
	at org.openqa.selenium.remote.HttpCommandExecutor.execute(HttpCommandExecutor.java:158)
	at org.openqa.selenium.remote.service.DriverCommandExecutor.execute(DriverCommandExecutor.java:83)
	at org.openqa.selenium.remote.RemoteWebDriver.execute(RemoteWebDriver.java:552)
	at org.openqa.selenium.remote.RemoteWebElement.execute(RemoteWebElement.java:285)
	at org.openqa.selenium.remote.RemoteWebElement.click(RemoteWebElement.java:84)
	at org.openqa.selenium.support.events.EventFiringWebDriver$EventFiringWebElement.lambda$new$0(EventFiringWebDriver.java:404)
	at com.sun.proxy.$Proxy13.click(Unknown Source)
	at org.openqa.selenium.support.events.EventFiringWebDriver$EventFiringWebElement.click(EventFiringWebDriver.java:417)
	at org.openqa.selenium.support.pagefactory.internal.LocatingElementHandler.invoke(LocatingElementHandler.java:51)
	at com.sun.proxy.$Proxy11.click(Unknown Source)
	at com.crm.qa.pages.DetailsPage.enterFriendsEmail(DetailsPage.java:157)
	at com.crm.qa.testcases.DetailsPageTest.referFriend(DetailsPageTest.java:74)
... Removed 35 stack frames]]>
    </failure>
  </testcase> <!-- referFriend -->
  <testcase name="isBrandImageDisplayed" time="0.034" classname="com.crm.qa.testcases.HowItWorksHomeTest"/>
  <testcase name="isBrandImageDisplayed" time="0.052" classname="com.crm.qa.testcases.LocationsPageTest"/>
  <testcase name="isBrandImageDisplayed" time="0.058" classname="com.crm.qa.testcases.MyTransactionsPageTest"/>
  <testcase name="assertContactUs" time="0.052" classname="com.crm.qa.testcases.UploadRecieptPageTest"/>
  <testcase name="footerFAQ" time="0.047" classname="com.crm.qa.testcases.CheckBalancePageTest"/>
  <testcase name="checkLinksLocations" time="4.416" classname="com.crm.qa.testcases.CheckLinksAllPagesTest"/>
  <testcase name="verifyTextDisplayed" time="0.036" classname="com.crm.qa.testcases.OffersPageTest"/>
  <testcase name="verifyTextDisplayed" time="0.044" classname="com.crm.qa.testcases.SocialPageTest"/>
  <testcase name="checkFacebook" time="7.3" classname="com.crm.qa.testcases.CheckSocialMediaTest"/>
  <testcase name="assertTermsAndCond" time="0.063" classname="com.crm.qa.testcases.DetailsPageTest"/>
  <testcase name="textMainStreetShopsDisplayed" time="0.04" classname="com.crm.qa.testcases.LocationsPageTest"/>
  <testcase name="assertFAQ" time="0.057" classname="com.crm.qa.testcases.UploadRecieptPageTest"/>
  <testcase name="footerContactUs" time="0.059" classname="com.crm.qa.testcases.CheckBalancePageTest"/>
  <testcase name="checkLinksSocialPage" time="4.053" classname="com.crm.qa.testcases.CheckLinksAllPagesTest"/>
  <testcase name="verifySocialMediaFooter" time="0.039" classname="com.crm.qa.testcases.OffersPageTest"/>
  <testcase name="verifytwitterIsDisplayed" time="0.052" classname="com.crm.qa.testcases.SocialPageTest"/>
  <testcase name="footerPrivacyPolicy" time="0.062" classname="com.crm.qa.testcases.DetailsPageTest"/>
  <testcase name="assertTermsAndCond" time="0.048" classname="com.crm.qa.testcases.HowItWorksHomeTest"/>
  <testcase name="assertTermsAndCond" time="0.044" classname="com.crm.qa.testcases.LocationsPageTest"/>
  <testcase name="assertTermsAndCond" time="0.049" classname="com.crm.qa.testcases.MyTransactionsPageTest"/>
  <testcase name="assertPrivacyPolicy" time="0.058" classname="com.crm.qa.testcases.UploadRecieptPageTest"/>
  <testcase name="checkLinksmyProfile" time="8.797" classname="com.crm.qa.testcases.CheckLinksAllPagesTest"/>
  <testcase name="enterFriendsEmail" time="0.455" classname="com.crm.qa.testcases.SocialPageTest"/>
  <testcase name="checkYoutube" time="4.958" classname="com.crm.qa.testcases.CheckSocialMediaTest"/>
  <testcase name="footerFAQ" time="0.06" classname="com.crm.qa.testcases.DetailsPageTest"/>
  <testcase name="footerPrivacyPolicy" time="0.052" classname="com.crm.qa.testcases.HowItWorksHomeTest"/>
  <testcase name="footerPrivacyPolicy" time="0.046" classname="com.crm.qa.testcases.LocationsPageTest"/>
  <testcase name="footerPrivacyPolicy" time="0.065" classname="com.crm.qa.testcases.MyTransactionsPageTest"/>
  <testcase name="assertTermsAndCond" time="0.057" classname="com.crm.qa.testcases.UploadRecieptPageTest"/>
  <testcase name="checkLinksMyTransactions" time="1.852" classname="com.crm.qa.testcases.CheckLinksAllPagesTest">
    <failure type="org.openqa.selenium.ElementClickInterceptedException" message="element click intercepted: Element &amp;lt;a href=&amp;quot;#&amp;quot; class=&amp;quot;dropdown-toggle&amp;quot; data-toggle=&amp;quot;dropdown&amp;quot; role=&amp;quot;button&amp;quot; aria-expanded=&amp;quot;false&amp;quot;&amp;gt;...&amp;lt;/a&amp;gt; is not clickable at point (865, 50). Other element would receive the click: &amp;lt;div id=&amp;quot;async-overlay-backdrop&amp;quot; style=&amp;quot;background-color: rgba(0, 0, 0, 0.6); display: flex; position: fixed; top: 0px; left: 0px; width: 100%; height: 100%; z-index: 9999999;&amp;quot;&amp;gt;...&amp;lt;/div&amp;gt;
  (Session info: chrome=76.0.3809.87)
Build info: version: &amp;apos;3.141.59&amp;apos;, revision: &amp;apos;e82be7d358&amp;apos;, time: &amp;apos;2018-11-14T08:17:03&amp;apos;
System info: host: &amp;apos;DESKTOP-G1T6KU3&amp;apos;, ip: &amp;apos;192.168.1.18&amp;apos;, os.name: &amp;apos;Windows 10&amp;apos;, os.arch: &amp;apos;amd64&amp;apos;, os.version: &amp;apos;10.0&amp;apos;, java.version: &amp;apos;1.8.0_212&amp;apos;
Driver info: org.openqa.selenium.chrome.ChromeDriver
Capabilities {acceptInsecureCerts: false, browserName: chrome, browserVersion: 76.0.3809.87, chrome: {chromedriverVersion: 75.0.3770.90 (a6dcaf7e3ec6f..., userDataDir: C:\Users\kiera\AppData\Loca...}, goog:chromeOptions: {debuggerAddress: localhost:51118}, javascriptEnabled: true, networkConnectionEnabled: false, pageLoadStrategy: normal, platform: XP, platformName: XP, proxy: Proxy(), setWindowRect: true, strictFileInteractability: false, timeouts: {implicit: 0, pageLoad: 300000, script: 30000}, unhandledPromptBehavior: dismiss and notify}
Session ID: 6f0fe94287ea20d5971152a4353e6b2f">
      <![CDATA[org.openqa.selenium.ElementClickInterceptedException: element click intercepted: Element <a href="#" class="dropdown-toggle" data-toggle="dropdown" role="button" aria-expanded="false">...</a> is not clickable at point (865, 50). Other element would receive the click: <div id="async-overlay-backdrop" style="background-color: rgba(0, 0, 0, 0.6); display: flex; position: fixed; top: 0px; left: 0px; width: 100%; height: 100%; z-index: 9999999;">...</div>
  (Session info: chrome=76.0.3809.87)
Build info: version: '3.141.59', revision: 'e82be7d358', time: '2018-11-14T08:17:03'
System info: host: 'DESKTOP-G1T6KU3', ip: '192.168.1.18', os.name: 'Windows 10', os.arch: 'amd64', os.version: '10.0', java.version: '1.8.0_212'
Driver info: org.openqa.selenium.chrome.ChromeDriver
Capabilities {acceptInsecureCerts: false, browserName: chrome, browserVersion: 76.0.3809.87, chrome: {chromedriverVersion: 75.0.3770.90 (a6dcaf7e3ec6f..., userDataDir: C:\Users\kiera\AppData\Loca...}, goog:chromeOptions: {debuggerAddress: localhost:51118}, javascriptEnabled: true, networkConnectionEnabled: false, pageLoadStrategy: normal, platform: XP, platformName: XP, proxy: Proxy(), setWindowRect: true, strictFileInteractability: false, timeouts: {implicit: 0, pageLoad: 300000, script: 30000}, unhandledPromptBehavior: dismiss and notify}
Session ID: 6f0fe94287ea20d5971152a4353e6b2f
	at org.openqa.selenium.remote.http.W3CHttpResponseCodec.createException(W3CHttpResponseCodec.java:187)
	at org.openqa.selenium.remote.http.W3CHttpResponseCodec.decode(W3CHttpResponseCodec.java:122)
	at org.openqa.selenium.remote.http.W3CHttpResponseCodec.decode(W3CHttpResponseCodec.java:49)
	at org.openqa.selenium.remote.HttpCommandExecutor.execute(HttpCommandExecutor.java:158)
	at org.openqa.selenium.remote.service.DriverCommandExecutor.execute(DriverCommandExecutor.java:83)
	at org.openqa.selenium.remote.RemoteWebDriver.execute(RemoteWebDriver.java:552)
	at org.openqa.selenium.remote.RemoteWebElement.execute(RemoteWebElement.java:285)
	at org.openqa.selenium.remote.RemoteWebElement.click(RemoteWebElement.java:84)
	at org.openqa.selenium.support.events.EventFiringWebDriver$EventFiringWebElement.lambda$new$0(EventFiringWebDriver.java:404)
	at com.sun.proxy.$Proxy13.click(Unknown Source)
	at org.openqa.selenium.support.events.EventFiringWebDriver$EventFiringWebElement.click(EventFiringWebDriver.java:417)
	at org.openqa.selenium.support.pagefactory.internal.LocatingElementHandler.invoke(LocatingElementHandler.java:51)
	at com.sun.proxy.$Proxy11.click(Unknown Source)
	at com.crm.qa.pages.DetailsPage.clickOnMyTransactions(DetailsPage.java:143)
	at com.crm.qa.testcases.CheckLinksAllPagesTest.checkLinksMyTransactions(CheckLinksAllPagesTest.java:176)
... Removed 35 stack frames]]>
    </failure>
  </testcase> <!-- checkLinksMyTransactions -->
  <testcase name="assertTermsAndCond" time="0.072" classname="com.crm.qa.testcases.SocialPageTest"/>
  <testcase name="checkTripAdvisor" time="11.633" classname="com.crm.qa.testcases.CheckSocialMediaTest"/>
  <testcase name="footerContactUs" time="0.077" classname="com.crm.qa.testcases.DetailsPageTest"/>
  <testcase name="footerFAQ" time="0.052" classname="com.crm.qa.testcases.HowItWorksHomeTest"/>
  <testcase name="footerFAQ" time="0.05" classname="com.crm.qa.testcases.LocationsPageTest"/>
  <testcase name="footerFAQ" time="0.043" classname="com.crm.qa.testcases.MyTransactionsPageTest"/>
  <testcase name="imageIsDisplayed" time="0.034" classname="com.crm.qa.testcases.UploadRecieptPageTest"/>
  <testcase name="checkLinksCheckBalance" time="8.655" classname="com.crm.qa.testcases.CheckLinksAllPagesTest"/>
  <testcase name="footerContactUs" time="0.055" classname="com.crm.qa.testcases.HowItWorksHomeTest"/>
  <testcase name="assertPrivacyPolicy" time="0.049" classname="com.crm.qa.testcases.SocialPageTest"/>
  <testcase name="checkTwitter" time="9.188" classname="com.crm.qa.testcases.CheckSocialMediaTest"/>
  <testcase name="footerContactUs" time="0.052" classname="com.crm.qa.testcases.LocationsPageTest"/>
  <testcase name="footerContactUs" time="0.064" classname="com.crm.qa.testcases.MyTransactionsPageTest"/>
  <testcase name="uploadRecieptImageTest" time="11.728" classname="com.crm.qa.testcases.UploadRecieptPageTest"/>
  <testcase name="checkYelp" time="7.718" classname="com.crm.qa.testcases.CheckSocialMediaTest"/>
  <testcase name="textEarnAndRedeem" time="0.036" classname="com.crm.qa.testcases.HowItWorksHomeTest"/>
  <testcase name="assertFAQ" time="0.063" classname="com.crm.qa.testcases.SocialPageTest"/>
  <testcase name="assertContactUs" time="0.063" classname="com.crm.qa.testcases.SocialPageTest"/>
</testsuite> <!-- BavarianInnRegression -->
